[Mon May  5 20:12:46.831 2014] 0.000 sec 0.000 sec [ext2/0/rel 0 (0,20)] [*] 1 
[Mon May  5 20:12:55.922 2014] 0.000 sec 0.000 sec [ext2/0/rel 0 (0,20)] [*] 1 
[Mon May  5 20:13:04.976 2014] 0.000 sec 0.000 sec [ext2/0/rel 3 (0,20)] [*] test 
[Mon May  5 20:13:14.895 2014] 0.000 sec 0.000 sec [ext2/0/rel 3 (0,20)] [*] test 
[Mon May  5 20:14:38.847 2014] 0.000 sec 0.000 sec [ext2/0/rel 4 (0,20)] [*]
[Tue May  6 12:16:06.905 2014] 0.037 sec 0.037 sec [phr/0/ext 0 (0,0)] [test1] ""
[Tue May  6 12:16:07.505 2014] 0.000 sec 0.000 sec [phr/0/ext 0 (0,0)] [test1] ""
[Tue May  6 12:16:07.657 2014] 0.000 sec 0.000 sec [phr/0/ext 0 (0,0)] [test1] ""
[Tue May  6 12:16:07.725 2014] 0.000 sec 0.000 sec [phr/0/ext 0 (0,0)] [test1] ""
[Tue May  6 12:16:07.888 2014] 0.000 sec 0.000 sec [phr/0/ext 0 (0,0)] [test1] ""
[Tue May  6 12:21:30.292 2014] 0.042 sec 0.042 sec [phr/0/ext 0 (0,20)] [test1] test text
[Tue May  6 13:59:47.502 2014] 0.044 sec 0.044 sec [phr/0/ext 0 (0,20)] [test1] test text
[Tue May  6 13:59:49.746 2014] 0.000 sec 0.000 sec [phr/0/ext 0 (0,20)] [test1] test text
[Tue May  6 14:00:05.919 2014] 0.000 sec 0.000 sec [phr/0/ext 0 (0,20)] [test1] test text
[Tue May  6 14:00:55.075 2014] 0.000 sec 0.000 sec [phr/0/ext 0 (0,20)] [test1] test text
[Tue May  6 14:00:56.054 2014] 0.000 sec 0.000 sec [phr/0/ext 0 (0,20)] [test1] test text
[Tue May  6 14:01:11.528 2014] 0.000 sec 0.000 sec [phr/0/ext 0 (0,20)] [test1] test text
[Tue May  6 14:03:36.259 2014] 0.015 sec 0.015 sec [ext2/0/rel 3 (0,20)] [test1] test
[Tue May  6 14:03:45.304 2014] 0.000 sec 0.000 sec [ext2/0/rel 3 (0,20)] [test1] test
[Tue May  6 14:04:28.184 2014] 0.000 sec 0.000 sec [ext2/0/rel 3 (0,20)] [test1] test
[Tue May  6 14:05:36.180 2014] 0.018 sec 0.018 sec [any/0/rel 3 (0,20)] [test1] test
[Tue May  6 14:05:36.590 2014] 0.000 sec 0.000 sec [any/0/rel 3 (0,20)] [test1] test
[Tue May  6 14:05:36.722 2014] 0.000 sec 0.000 sec [any/0/rel 3 (0,20)] [test1] test
[Tue May  6 14:05:47.866 2014] 0.000 sec 0.000 sec [any/0/rel 3 (0,20)] [test1] test
[Tue May  6 14:06:45.801 2014] 0.000 sec 0.000 sec [any/0/rel 3 (0,20)] [test1] test
[Tue May  6 14:06:46.130 2014] 0.000 sec 0.000 sec [any/0/rel 3 (0,20)] [test1] test
[Tue May  6 14:06:46.280 2014] 0.000 sec 0.000 sec [any/0/rel 3 (0,20)] [test1] test
[Tue May  6 14:08:23.836 2014] 0.000 sec 0.000 sec [any/0/rel 3 (0,20)] [test1] test text
[Tue May  6 14:08:24.221 2014] 0.000 sec 0.000 sec [any/0/rel 3 (0,20)] [test1] test text
[Tue May  6 14:08:24.341 2014] 0.000 sec 0.000 sec [any/0/rel 3 (0,20)] [test1] test text
[Tue May  6 14:11:23.114 2014] 0.000 sec 0.000 sec [any/0/rel 3 (0,20)] [test1] test
[Tue May  6 14:11:23.456 2014] 0.000 sec 0.000 sec [any/0/rel 3 (0,20)] [test1] test
[Tue May  6 14:11:23.606 2014] 0.000 sec 0.000 sec [any/0/rel 3 (0,20)] [test1] test
[Tue May  6 14:11:23.744 2014] 0.000 sec 0.000 sec [any/0/rel 3 (0,20)] [test1] test
[Tue May  6 14:11:23.845 2014] 0.000 sec 0.000 sec [any/0/rel 3 (0,20)] [test1] test
[Tue May  6 14:11:23.960 2014] 0.000 sec 0.000 sec [any/0/rel 3 (0,20)] [test1] test
[Tue May  6 14:11:24.115 2014] 0.000 sec 0.000 sec [any/0/rel 3 (0,20)] [test1] test
[Tue May  6 14:11:24.194 2014] 0.000 sec 0.000 sec [any/0/rel 3 (0,20)] [test1] test
[Tue May  6 14:11:24.303 2014] 0.000 sec 0.000 sec [any/0/rel 3 (0,20)] [test1] test
[Tue May  6 14:11:24.433 2014] 0.000 sec 0.000 sec [any/0/rel 3 (0,20)] [test1] test
[Tue May  6 14:11:24.525 2014] 0.000 sec 0.000 sec [any/0/rel 3 (0,20)] [test1] test
[Tue May  6 14:11:35.553 2014] 0.000 sec 0.000 sec [any/0/rel 3 (0,20)] [test1] test
[Tue May  6 14:11:35.856 2014] 0.000 sec 0.000 sec [any/0/rel 3 (0,20)] [test1] test
[Tue May  6 14:11:35.987 2014] 0.000 sec 0.000 sec [any/0/rel 3 (0,20)] [test1] test
[Tue May  6 14:11:36.121 2014] 0.000 sec 0.000 sec [any/0/rel 3 (0,20)] [test1] test
[Tue May  6 14:11:36.255 2014] 0.000 sec 0.000 sec [any/0/rel 3 (0,20)] [test1] test
[Tue May  6 14:11:36.365 2014] 0.000 sec 0.000 sec [any/0/rel 3 (0,20)] [test1] test
[Tue May  6 14:11:36.476 2014] 0.000 sec 0.000 sec [any/0/rel 3 (0,20)] [test1] test
[Tue May  6 14:11:36.607 2014] 0.000 sec 0.000 sec [any/0/rel 3 (0,20)] [test1] test
[Tue May  6 14:12:39.585 2014] 0.041 sec 0.041 sec [ext2/0/rel 3 (0,20)] [*] test
[Tue May  6 14:12:40.006 2014] 0.000 sec 0.000 sec [ext2/0/rel 3 (0,20)] [*] test
[Tue May  6 14:12:40.166 2014] 0.000 sec 0.000 sec [ext2/0/rel 3 (0,20)] [*] test
[Tue May  6 14:12:46.578 2014] 0.000 sec 0.000 sec [ext2/0/rel 0 (0,20)] [*] ""/1
[Tue May  6 14:12:46.904 2014] 0.000 sec 0.000 sec [ext2/0/rel 0 (0,20)] [*] ""/1
[Tue May  6 14:12:47.068 2014] 0.000 sec 0.000 sec [ext2/0/rel 0 (0,20)] [*] ""/1
[Tue May  6 14:12:47.204 2014] 0.000 sec 0.000 sec [ext2/0/rel 0 (0,20)] [*] ""/1
[Tue May  6 14:13:17.905 2014] 0.000 sec 0.000 sec [ext2/0/rel 0 (0,20)] [test1] test text
[Tue May  6 14:13:18.196 2014] 0.000 sec 0.000 sec [ext2/0/rel 0 (0,20)] [test1] test text
[Tue May  6 14:13:18.408 2014] 0.000 sec 0.000 sec [ext2/0/rel 0 (0,20)] [test1] test text
[Tue May  6 14:13:18.482 2014] 0.000 sec 0.000 sec [ext2/0/rel 0 (0,20)] [test1] test text
[Tue May  6 14:13:47.663 2014] 0.000 sec 0.000 sec [ext2/0/rel 0 (0,20)] [test1] test text
[Tue May  6 14:49:32.979 2014] 0.000 sec 0.000 sec [all/0/rel 0 (0,20)] [test1] test text
[Tue May  6 14:49:33.423 2014] 0.000 sec 0.000 sec [all/0/rel 0 (0,20)] [test1] test text
[Tue May  6 14:49:33.574 2014] 0.000 sec 0.000 sec [all/0/rel 0 (0,20)] [test1] test text
[Tue May  6 14:50:35.061 2014] 0.000 sec 0.000 sec [any/0/rel 3 (0,20)] [test1] test text
[Tue May  6 14:50:49.354 2014] 0.000 sec 0.000 sec [any/0/rel 3 (0,20)] [test1] test text
[Tue May  6 14:51:46.074 2014] 0.000 sec 0.000 sec [any/0/rel 3 (0,20)] [test1] test text
[Tue May  6 14:51:46.435 2014] 0.000 sec 0.000 sec [any/0/rel 3 (0,20)] [test1] test text
[Tue May  6 14:51:46.563 2014] 0.000 sec 0.000 sec [any/0/rel 3 (0,20)] [test1] test text
[Tue May  6 14:51:46.663 2014] 0.000 sec 0.000 sec [any/0/rel 3 (0,20)] [test1] test text
[Tue May  6 14:52:55.772 2014] 0.000 sec 0.000 sec [any/0/rel 3 (0,20)] [test1] test text
[Tue May  6 14:52:56.103 2014] 0.000 sec 0.000 sec [any/0/rel 3 (0,20)] [test1] test text
[Tue May  6 14:52:56.250 2014] 0.000 sec 0.000 sec [any/0/rel 3 (0,20)] [test1] test text
[Tue May  6 14:52:56.319 2014] 0.000 sec 0.000 sec [any/0/rel 3 (0,20)] [test1] test text
[Tue May  6 14:52:56.471 2014] 0.000 sec 0.000 sec [any/0/rel 3 (0,20)] [test1] test text
[Tue May  6 14:52:56.642 2014] 0.000 sec 0.000 sec [any/0/rel 3 (0,20)] [test1] test text
[Tue May  6 15:01:38.548 2014] 0.000 sec 0.000 sec [ext2/0/rel 0 (0,20)] [test1] test text
[Tue May  6 15:01:39.216 2014] 0.000 sec 0.000 sec [ext2/0/rel 0 (0,20)] [test1] test text
[Tue May  6 15:01:39.616 2014] 0.000 sec 0.000 sec [ext2/0/rel 0 (0,20)] [test1] test text
[Tue May  6 15:01:39.790 2014] 0.000 sec 0.000 sec [ext2/0/rel 0 (0,20)] [test1] test text
[Tue May  6 15:04:31.548 2014] 0.000 sec 0.000 sec [any/0/rel 3 (0,20)] [test1] test text
[Tue May  6 15:18:11.321 2014] 0.000 sec 0.000 sec [ext2/0/rel 0 (0,20)] [test1] test text
[Tue May  6 15:18:12.510 2014] 0.000 sec 0.000 sec [ext2/0/rel 0 (0,20)] [test1] test text
[Tue May  6 16:53:54.816 2014] 0.000 sec 0.000 sec [ext2/0/rel 0 (0,20)] [test1] test text
[Tue May  6 16:53:56.224 2014] 0.000 sec 0.000 sec [ext2/0/rel 0 (0,20)] [test1] test text
[Tue May  6 18:09:17.598 2014] 0.000 sec 0.000 sec [ext2/0/rel 0 (0,20)] [test1] test text
[Tue May  6 18:09:17.687 2014] 0.000 sec 0.000 sec [ext2/0/rel 0 (0,20)] [test1] test text
[Tue May  6 18:09:17.849 2014] 0.000 sec 0.000 sec [ext2/0/rel 0 (0,20)] [test1] test text
[Tue May  6 18:09:18.324 2014] 0.000 sec 0.000 sec [ext2/0/rel 0 (0,20)] [test1] test text
[Tue May  6 18:10:27.218 2014] 0.034 sec 0.034 sec [ext2/0/ext 0 (0,20)] [test1] test text
[Tue May  6 18:10:27.741 2014] 0.000 sec 0.000 sec [ext2/0/ext 0 (0,20)] [test1] test text
[Tue May  6 18:10:27.894 2014] 0.000 sec 0.000 sec [ext2/0/ext 0 (0,20)] [test1] test text
[Tue May  6 18:10:28.031 2014] 0.000 sec 0.000 sec [ext2/0/ext 0 (0,20)] [test1] test text
[Tue May  6 18:12:51.482 2014] 0.000 sec 0.000 sec [ext2/0/ext 0 (0,20)] [test1] test text
[Tue May  6 18:12:52.001 2014] 0.000 sec 0.000 sec [ext2/0/ext 0 (0,20)] [test1] test text
[Tue May  6 18:12:52.135 2014] 0.000 sec 0.000 sec [ext2/0/ext 0 (0,20)] [test1] test text
[Tue May  6 18:20:34.814 2014] 0.000 sec 0.000 sec [ext2/0/ext 0 (0,20)] [test1] test text
[Tue May  6 18:20:35.133 2014] 0.000 sec 0.000 sec [ext2/0/ext 0 (0,20)] [test1] test text
[Tue May  6 18:20:35.295 2014] 0.000 sec 0.000 sec [ext2/0/ext 0 (0,20)] [test1] test text
[Tue May  6 18:21:43.441 2014] 0.000 sec 0.000 sec [ext2/0/ext 0 (0,20)] [test1] test text
[Tue May  6 18:22:52.421 2014] 0.000 sec 0.000 sec [ext2/0/ext 0 (0,20)] [test1] test text
[Tue May  6 18:22:52.647 2014] 0.000 sec 0.000 sec [ext2/0/ext 0 (0,20)] [test1] test text
[Tue May  6 18:22:52.800 2014] 0.000 sec 0.000 sec [ext2/0/ext 0 (0,20)] [test1] test text
[Tue May  6 18:22:52.928 2014] 0.000 sec 0.000 sec [ext2/0/ext 0 (0,20)] [test1] test text
[Tue May  6 18:22:53.023 2014] 0.000 sec 0.000 sec [ext2/0/ext 0 (0,20)] [test1] test text
[Tue May  6 18:22:53.139 2014] 0.000 sec 0.000 sec [ext2/0/ext 0 (0,20)] [test1] test text
[Tue May  6 18:24:01.516 2014] 0.025 sec 0.025 sec [phr/0/ext 0 (0,20)] [test1] test text
[Tue May  6 18:24:22.608 2014] 0.000 sec 0.000 sec [ext2/0/ext 0 (0,20)] [test1] test text
[Tue May  6 18:25:02.237 2014] 0.000 sec 0.000 sec [ext2/0/ext 0 (0,20)] [test1] test text
[Tue May  6 18:25:02.387 2014] 0.000 sec 0.000 sec [ext2/0/ext 0 (0,20)] [test1] test text
[Tue May  6 18:25:02.524 2014] 0.000 sec 0.000 sec [ext2/0/ext 0 (0,20)] [test1] test text
[Tue May  6 18:25:02.651 2014] 0.000 sec 0.000 sec [ext2/0/ext 0 (0,20)] [test1] test text
[Tue May  6 18:27:06.117 2014] 0.000 sec 0.000 sec [ext2/0/ext 0 (0,20)] [test1] test text
[Tue May  6 18:31:32.387 2014] 0.000 sec 0.000 sec [ext2/0/ext 0 (0,20)] [test1] test text
[Tue May  6 18:31:39.443 2014] 0.000 sec 0.000 sec [ext2/0/ext 0 (0,20)] [test1] test text
[Tue May  6 18:31:40.139 2014] 0.000 sec 0.000 sec [ext2/0/ext 0 (0,20)] [test1] test text
[Tue May  6 18:33:18.388 2014] 0.033 sec 0.033 sec [ext2/0/ext 0 (0,20)] [*] test text
[Tue May  6 18:33:18.853 2014] 0.000 sec 0.000 sec [ext2/0/ext 0 (0,20)] [*] test text
[Tue May  6 18:33:18.990 2014] 0.000 sec 0.000 sec [ext2/0/ext 0 (0,20)] [*] test text
[Tue May  6 18:33:19.130 2014] 0.000 sec 0.000 sec [ext2/0/ext 0 (0,20)] [*] test text
[Tue May  6 18:33:19.229 2014] 0.000 sec 0.000 sec [ext2/0/ext 0 (0,20)] [*] test text
[Tue May  6 18:33:26.287 2014] 0.000 sec 0.000 sec [ext2/0/ext 0 (0,20)] [*] test text
[Tue May  6 18:33:26.743 2014] 0.000 sec 0.000 sec [ext2/0/ext 0 (0,20)] [*] test text
[Tue May  6 18:33:26.851 2014] 0.000 sec 0.000 sec [ext2/0/ext 0 (0,20)] [*] test text
[Tue May  6 18:33:35.557 2014] 0.000 sec 0.000 sec [ext2/0/ext 0 (0,20)] [*] test text
[Tue May  6 18:33:56.456 2014] 0.000 sec 0.000 sec [phr/0/ext 0 (0,20)] [*] test text
[Tue May  6 18:33:56.979 2014] 0.000 sec 0.000 sec [phr/0/ext 0 (0,20)] [*] test text
[Tue May  6 18:33:57.115 2014] 0.024 sec 0.024 sec [phr/0/ext 0 (0,20)] [*] test text
[Tue May  6 18:34:49.120 2014] 0.000 sec 0.000 sec [phr/0/ext 0 (0,20)] [*] test text
[Tue May  6 18:34:49.649 2014] 0.000 sec 0.000 sec [phr/0/ext 0 (0,20)] [*] test text
[Tue May  6 18:34:49.786 2014] 0.000 sec 0.000 sec [phr/0/ext 0 (0,20)] [*] test text
[Tue May  6 18:35:47.900 2014] 0.000 sec 0.000 sec [phr/0/ext 0 (0,20)] [*] test text
[Wed May  7 11:37:37.365 2014] 0.046 sec 0.046 sec [ext2/0/ext 0 (0,20)] [*] test text
[Wed May  7 11:38:41.105 2014] 0.000 sec 0.000 sec [ext2/0/ext 0 (0,20)] [*] test text
[Wed May  7 11:39:11.937 2014] 0.015 sec 0.015 sec [ext2/0/ext 3 (0,20)] [*] test
[Wed May  7 11:39:12.522 2014] 0.000 sec 0.000 sec [ext2/0/ext 3 (0,20)] [*] test
[Wed May  7 11:39:39.905 2014] 0.000 sec 0.000 sec [ext2/0/ext 0 (0,20)] [*] test,text
[Wed May  7 11:40:31.007 2014] 0.000 sec 0.000 sec [ext2/0/ext 3 (0,20)] [*] test
[Wed May  7 11:43:08.315 2014] 0.014 sec 0.014 sec [phr/0/ext 3 (0,20)] [*] test
[Wed May  7 11:43:32.734 2014] 0.000 sec 0.000 sec [phr/0/ext 3 (0,20)] [*] test
[Wed May  7 11:44:49.496 2014] 0.000 sec 0.000 sec [phr/0/ext 3 (0,20)] [*] test
[Wed May  7 11:45:25.495 2014] 0.000 sec 0.000 sec [phr/0/ext 3 (0,20)] [*] test
[Wed May  7 11:45:26.143 2014] 0.000 sec 0.000 sec [phr/0/ext 3 (0,20)] [*] test
[Wed May  7 11:45:26.326 2014] 0.000 sec 0.000 sec [phr/0/ext 3 (0,20)] [*] test
[Wed May  7 11:45:26.539 2014] 0.000 sec 0.000 sec [phr/0/ext 3 (0,20)] [*] test
[Wed May  7 11:45:26.650 2014] 0.000 sec 0.000 sec [phr/0/ext 3 (0,20)] [*] test
[Wed May  7 11:45:26.771 2014] 0.000 sec 0.000 sec [phr/0/ext 3 (0,20)] [*] test
[Wed May  7 11:45:26.893 2014] 0.000 sec 0.000 sec [phr/0/ext 3 (0,20)] [*] test
[Wed May  7 11:45:27.391 2014] 0.000 sec 0.000 sec [phr/0/ext 3 (0,20)] [*] test
[Wed May  7 11:45:27.467 2014] 0.000 sec 0.000 sec [phr/0/ext 3 (0,20)] [*] test
[Wed May  7 11:45:27.561 2014] 0.000 sec 0.000 sec [phr/0/ext 3 (0,20)] [*] test
[Wed May  7 11:45:27.681 2014] 0.000 sec 0.000 sec [phr/0/ext 3 (0,20)] [*] test
[Wed May  7 11:45:27.795 2014] 0.000 sec 0.000 sec [phr/0/ext 3 (0,20)] [*] test
[Wed May  7 11:45:27.901 2014] 0.000 sec 0.000 sec [phr/0/ext 3 (0,20)] [*] test
[Wed May  7 11:45:28.009 2014] 0.000 sec 0.000 sec [phr/0/ext 3 (0,20)] [*] test
[Wed May  7 11:45:28.155 2014] 0.000 sec 0.000 sec [phr/0/ext 3 (0,20)] [*] test
[Wed May  7 11:45:28.259 2014] 0.000 sec 0.000 sec [phr/0/ext 3 (0,20)] [*] test
[Wed May  7 11:45:28.374 2014] 0.000 sec 0.000 sec [phr/0/ext 3 (0,20)] [*] test
[Wed May  7 11:45:28.486 2014] 0.000 sec 0.000 sec [phr/0/ext 3 (0,20)] [*] test
[Wed May  7 11:45:28.610 2014] 0.000 sec 0.000 sec [phr/0/ext 3 (0,20)] [*] test
[Wed May  7 11:45:28.722 2014] 0.000 sec 0.000 sec [phr/0/ext 3 (0,20)] [*] test
[Wed May  7 11:45:28.833 2014] 0.000 sec 0.000 sec [phr/0/ext 3 (0,20)] [*] test
[Wed May  7 11:45:28.956 2014] 0.000 sec 0.000 sec [phr/0/ext 3 (0,20)] [*] test
[Wed May  7 11:45:29.096 2014] 0.000 sec 0.000 sec [phr/0/ext 3 (0,20)] [*] test
[Wed May  7 11:45:29.202 2014] 0.000 sec 0.000 sec [phr/0/ext 3 (0,20)] [*] test
[Wed May  7 11:45:29.328 2014] 0.000 sec 0.000 sec [phr/0/ext 3 (0,20)] [*] test
[Wed May  7 11:45:29.452 2014] 0.000 sec 0.000 sec [phr/0/ext 3 (0,20)] [*] test
[Wed May  7 11:45:29.583 2014] 0.000 sec 0.000 sec [phr/0/ext 3 (0,20)] [*] test
[Wed May  7 11:45:29.706 2014] 0.000 sec 0.000 sec [phr/0/ext 3 (0,20)] [*] test
[Wed May  7 11:45:29.827 2014] 0.000 sec 0.000 sec [phr/0/ext 3 (0,20)] [*] test
[Wed May  7 11:45:29.970 2014] 0.000 sec 0.000 sec [phr/0/ext 3 (0,20)] [*] test
[Wed May  7 11:45:30.065 2014] 0.000 sec 0.000 sec [phr/0/ext 3 (0,20)] [*] test
[Wed May  7 11:45:30.195 2014] 0.000 sec 0.000 sec [phr/0/ext 3 (0,20)] [*] test
[Wed May  7 11:47:14.312 2014] 0.000 sec 0.000 sec [phr/0/ext 3 (0,20)] [*] test
[Wed May  7 12:03:02.113 2014] 0.000 sec 0.000 sec [phr/0/ext 3 (0,20)] [*] test
[Wed May  7 12:11:06.757 2014] 0.000 sec 0.000 sec [phr/0/ext 0 (0,20)] [*] test text
[Wed May  7 12:11:07.118 2014] 0.000 sec 0.000 sec [phr/0/ext 0 (0,20)] [*] test text
[Wed May  7 12:11:07.282 2014] 0.000 sec 0.000 sec [phr/0/ext 0 (0,20)] [*] test text
[Wed May  7 12:11:07.426 2014] 0.000 sec 0.000 sec [phr/0/ext 0 (0,20)] [*] test text
[Wed May  7 12:11:07.545 2014] 0.000 sec 0.000 sec [phr/0/ext 0 (0,20)] [*] test text
[Wed May  7 12:11:19.455 2014] 0.000 sec 0.000 sec [phr/0/ext 3 (0,20)] [*] test
[Wed May  7 12:11:19.981 2014] 0.000 sec 0.000 sec [phr/0/ext 3 (0,20)] [*] test
[Wed May  7 12:11:20.123 2014] 0.000 sec 0.000 sec [phr/0/ext 3 (0,20)] [*] test
[Wed May  7 12:11:20.247 2014] 0.000 sec 0.000 sec [phr/0/ext 3 (0,20)] [*] test
[Wed May  7 12:11:35.764 2014] 0.000 sec 0.000 sec [phr/0/ext 0 (0,20)] [*] test,text
[Wed May  7 12:11:36.353 2014] 0.000 sec 0.000 sec [phr/0/ext 0 (0,20)] [*] test,text
[Wed May  7 12:11:36.483 2014] 0.000 sec 0.000 sec [phr/0/ext 0 (0,20)] [*] test,text
[Wed May  7 12:11:36.583 2014] 0.000 sec 0.000 sec [phr/0/ext 0 (0,20)] [*] test,text
[Wed May  7 12:15:15.017 2014] 0.000 sec 0.000 sec [phr/0/ext 0 (0,20)] [*] test,text
[Wed May  7 12:15:15.515 2014] 0.000 sec 0.000 sec [phr/0/ext 0 (0,20)] [*] test,text
[Wed May  7 12:15:15.656 2014] 0.000 sec 0.000 sec [phr/0/ext 0 (0,20)] [*] test,text
[Wed May  7 12:15:15.777 2014] 0.000 sec 0.000 sec [phr/0/ext 0 (0,20)] [*] test,text
[Wed May  7 12:15:20.263 2014] 0.000 sec 0.000 sec [phr/0/ext 0 (0,20)] [*] test text
[Wed May  7 12:15:20.632 2014] 0.000 sec 0.000 sec [phr/0/ext 0 (0,20)] [*] test text
[Wed May  7 12:15:20.743 2014] 0.000 sec 0.000 sec [phr/0/ext 0 (0,20)] [*] test text
[Wed May  7 12:15:20.847 2014] 0.000 sec 0.000 sec [phr/0/ext 0 (0,20)] [*] test text
[Wed May  7 12:15:20.979 2014] 0.000 sec 0.000 sec [phr/0/ext 0 (0,20)] [*] test text
[Wed May  7 12:15:21.100 2014] 0.000 sec 0.000 sec [phr/0/ext 0 (0,20)] [*] test text
[Wed May  7 12:15:21.230 2014] 0.000 sec 0.000 sec [phr/0/ext 0 (0,20)] [*] test text
[Wed May  7 12:15:21.320 2014] 0.000 sec 0.000 sec [phr/0/ext 0 (0,20)] [*] test text
[Wed May  7 12:15:21.452 2014] 0.000 sec 0.000 sec [phr/0/ext 0 (0,20)] [*] test text
[Wed May  7 12:15:21.564 2014] 0.000 sec 0.000 sec [phr/0/ext 0 (0,20)] [*] test text
[Wed May  7 12:15:21.693 2014] 0.000 sec 0.000 sec [phr/0/ext 0 (0,20)] [*] test text
[Wed May  7 12:15:32.402 2014] 0.000 sec 0.000 sec [phr/0/ext 3 (0,20)] [*] test
[Wed May  7 12:15:32.877 2014] 0.000 sec 0.000 sec [phr/0/ext 3 (0,20)] [*] test
[Wed May  7 12:15:33.014 2014] 0.000 sec 0.000 sec [phr/0/ext 3 (0,20)] [*] test
[Wed May  7 12:15:33.098 2014] 0.000 sec 0.000 sec [phr/0/ext 3 (0,20)] [*] test
[Wed May  7 12:16:10.556 2014] 0.000 sec 0.000 sec [phr/0/ext 0 (0,20)] [*] test123123
[Wed May  7 12:16:11.019 2014] 0.000 sec 0.000 sec [phr/0/ext 0 (0,20)] [*] test123123
[Wed May  7 12:16:11.139 2014] 0.000 sec 0.000 sec [phr/0/ext 0 (0,20)] [*] test123123
[Wed May  7 12:16:32.831 2014] 0.000 sec 0.000 sec [phr/0/ext 0 (0,20)] [*] test,text
[Wed May  7 12:16:38.529 2014] 0.000 sec 0.000 sec [phr/0/ext 0 (0,20)] [*] test,text
[Wed May  7 12:16:42.862 2014] 0.000 sec 0.000 sec [phr/0/ext 0 (0,20)] [*] test text
[Wed May  7 12:16:43.265 2014] 0.000 sec 0.000 sec [phr/0/ext 0 (0,20)] [*] test text
[Wed May  7 12:16:43.384 2014] 0.000 sec 0.000 sec [phr/0/ext 0 (0,20)] [*] test text
[Wed May  7 12:17:23.373 2014] 0.000 sec 0.000 sec [phr/0/ext 0 (0,20)] [*] test text
[Wed May  7 12:17:23.867 2014] 0.000 sec 0.000 sec [phr/0/ext 0 (0,20)] [*] test text
[Wed May  7 12:17:24.002 2014] 0.000 sec 0.000 sec [phr/0/ext 0 (0,20)] [*] test text
[Wed May  7 12:17:32.018 2014] 0.000 sec 0.000 sec [phr/0/ext 0 (0,20)] [*] test text
[Wed May  7 15:12:53.296 2014] 0.134 sec 0.134 sec [ext2/0/ext 3 (0,20)] [test1] test|one|two
[Wed May  7 15:12:53.988 2014] 0.000 sec 0.000 sec [ext2/0/ext 3 (0,20)] [test1] test|one|two
[Wed May  7 15:12:54.382 2014] 0.000 sec 0.000 sec [ext2/0/ext 3 (0,20)] [test1] test|one|two
[Wed May  7 15:12:54.583 2014] 0.000 sec 0.000 sec [ext2/0/ext 3 (0,20)] [test1] test|one|two
[Wed May  7 15:12:54.721 2014] 0.000 sec 0.000 sec [ext2/0/ext 3 (0,20)] [test1] test|one|two
[Wed May  7 15:12:54.839 2014] 0.000 sec 0.000 sec [ext2/0/ext 3 (0,20)] [test1] test|one|two
[Wed May  7 15:13:11.542 2014] 0.000 sec 0.000 sec [ext2/0/ext 3 (0,20)] [test1] test|one|two
[Wed May  7 15:14:53.416 2014] 0.000 sec 0.000 sec [ext2/0/ext 3 (0,20)] [test1] test|one|two
[Wed May  7 15:22:23.514 2014] 0.000 sec 0.000 sec [ext2/0/ext 3 (0,10)] [test1] test|one|two
[Wed May  7 15:22:29.750 2014] 0.000 sec 0.000 sec [ext2/0/ext 3 (0,10)] [test1] test|one|two
[Wed May  7 15:22:44.488 2014] 0.000 sec 0.000 sec [ext2/0/ext 3 (0,10)] [test1] test|one|two
[Wed May  7 15:23:41.362 2014] 0.000 sec 0.000 sec [ext2/0/ext 3 (0,10)] [test1] test|one|two
[Wed May  7 15:23:41.883 2014] 0.000 sec 0.000 sec [ext2/0/ext 3 (0,10)] [test1] test|one|two
[Wed May  7 15:27:52.296 2014] 0.000 sec 0.000 sec [ext2/0/ext 3 (0,10)] [test1] test|one|two
[Wed May  7 15:27:53.011 2014] 0.000 sec 0.000 sec [ext2/0/ext 3 (0,10)] [test1] test|one|two
[Wed May  7 15:27:53.410 2014] 0.000 sec 0.000 sec [ext2/0/ext 3 (0,10)] [test1] test|one|two
[Wed May  7 15:27:53.659 2014] 0.000 sec 0.000 sec [ext2/0/ext 3 (0,10)] [test1] test|one|two
[Wed May  7 15:27:53.808 2014] 0.000 sec 0.000 sec [ext2/0/ext 3 (0,10)] [test1] test|one|two
[Wed May  7 15:27:53.964 2014] 0.000 sec 0.000 sec [ext2/0/ext 3 (0,10)] [test1] test|one|two
[Wed May  7 15:27:54.076 2014] 0.000 sec 0.000 sec [ext2/0/ext 3 (0,10)] [test1] test|one|two
[Wed May  7 15:27:54.293 2014] 0.000 sec 0.000 sec [ext2/0/ext 3 (0,10)] [test1] test|one|two
[Wed May  7 15:27:54.426 2014] 0.000 sec 0.000 sec [ext2/0/ext 3 (0,10)] [test1] test|one|two
[Wed May  7 15:27:54.565 2014] 0.000 sec 0.000 sec [ext2/0/ext 3 (0,10)] [test1] test|one|two
[Wed May  7 15:27:54.693 2014] 0.000 sec 0.000 sec [ext2/0/ext 3 (0,10)] [test1] test|one|two
[Wed May  7 15:28:14.227 2014] 0.000 sec 0.000 sec [ext2/0/ext 3 (0,10)] [test1] test|one|two
[Wed May  7 15:31:59.453 2014] 0.000 sec 0.000 sec [ext2/0/ext 3 (0,10)] [test1] test|one|two
[Wed May  7 15:32:00.345 2014] 0.000 sec 0.000 sec [ext2/0/ext 3 (0,10)] [test1] test|one|two
[Wed May  7 15:32:00.491 2014] 0.000 sec 0.000 sec [ext2/0/ext 3 (0,10)] [test1] test|one|two
[Wed May  7 15:32:00.625 2014] 0.000 sec 0.000 sec [ext2/0/ext 3 (0,10)] [test1] test|one|two
[Wed May  7 15:36:14.385 2014] 0.000 sec 0.000 sec [ext2/0/ext 3 (0,10)] [test1] test|one|two
[Wed May  7 15:36:27.350 2014] 0.000 sec 0.000 sec [ext2/0/ext 3 (0,10)] [test1] test|one|two
[Wed May  7 15:40:46.773 2014] 0.000 sec 0.000 sec [ext2/0/ext 3 (0,10)] [test1] test|one|two
[Wed May  7 15:46:23.773 2014] 0.000 sec 0.000 sec [ext2/0/ext 3 (0,10)] [test1] test|one|two
[Wed May  7 15:46:25.586 2014] 0.000 sec 0.000 sec [ext2/0/ext 3 (0,10)] [test1] test|one|two
[Wed May  7 15:49:41.055 2014] 0.000 sec 0.000 sec [ext2/0/ext 3 (0,10)] [test1] test|one|two
[Wed May  7 15:50:33.541 2014] 0.000 sec 0.000 sec [ext2/0/ext 3 (0,10)] [test1] test|one|two
[Wed May  7 18:47:18.025 2014] 0.106 sec 0.106 sec [ext2/0/ext 3 (0,10)] [test1] test|one|two
[Wed May  7 18:59:20.305 2014] 0.039 sec 0.039 sec [ext2/0/ext 1 (0,20) @full] [test1]
[Wed May  7 18:59:51.246 2014] 0.014 sec 0.014 sec [ext2/0/ext 1 (0,20)] [test1]
[Wed May  7 18:59:52.476 2014] 0.000 sec 0.000 sec [ext2/0/ext 1 (0,20)] [test1]
[Wed May  7 19:00:01.461 2014] 0.000 sec 0.000 sec [ext2/0/ext 1 (0,20)] [test1]
[Wed May  7 19:00:27.315 2014] 0.000 sec 0.000 sec [ext2/0/ext 1 (0,20)] [test1]
[Wed May  7 19:00:27.917 2014] 0.000 sec 0.000 sec [ext2/0/ext 1 (0,20)] [test1]
[Wed May  7 19:00:28.052 2014] 0.000 sec 0.000 sec [ext2/0/ext 1 (0,20)] [test1]
[Wed May  7 19:02:56.880 2014] 0.000 sec 0.000 sec [ext2/0/ext 1 (0,20)] [test1]
[Wed May  7 19:03:56.258 2014] 0.000 sec 0.000 sec [ext2/0/ext 1 (0,20)] [test1]
[Wed May  7 19:07:42.494 2014] 0.022 sec 0.022 sec [ext2/0/ext 0 (0,20) @full] [testrt]
[Wed May  7 19:14:17.009 2014] 0.000 sec 0.000 sec [ext2/0/ext 0 (0,20) @full] [testrt]
[Wed May  7 19:14:17.579 2014] 0.000 sec 0.000 sec [ext2/0/ext 0 (0,20) @full] [testrt]
[Wed May  7 19:14:17.721 2014] 0.000 sec 0.000 sec [ext2/0/ext 0 (0,20) @full] [testrt]
[Wed May  7 19:14:31.761 2014] 0.000 sec 0.000 sec [ext2/0/ext 0 (0,20)] [testrt]
[Wed May  7 19:14:32.311 2014] 0.000 sec 0.000 sec [ext2/0/ext 0 (0,20)] [testrt]
[Wed May  7 19:14:32.440 2014] 0.000 sec 0.000 sec [ext2/0/ext 0 (0,20)] [testrt]
[Wed May  7 19:14:32.595 2014] 0.021 sec 0.021 sec [ext2/0/ext 0 (0,20)] [testrt]
[Wed May  7 19:14:32.704 2014] 0.000 sec 0.000 sec [ext2/0/ext 0 (0,20)] [testrt]
[Wed May  7 19:14:40.965 2014] 0.000 sec 0.000 sec [ext2/0/ext 0 (0,20)] [testrt]
[Wed May  7 19:14:41.504 2014] 0.000 sec 0.000 sec [ext2/0/ext 0 (0,20)] [testrt]
[Wed May  7 19:14:41.641 2014] 0.000 sec 0.000 sec [ext2/0/ext 0 (0,20)] [testrt]
[Wed May  7 19:14:41.778 2014] 0.000 sec 0.000 sec [ext2/0/ext 0 (0,20)] [testrt]
[Wed May  7 19:14:41.856 2014] 0.000 sec 0.000 sec [ext2/0/ext 0 (0,20)] [testrt]
[Wed May  7 19:14:42.013 2014] 0.000 sec 0.000 sec [ext2/0/ext 0 (0,20)] [testrt]
[Wed May  7 19:14:42.531 2014] 0.000 sec 0.000 sec [ext2/0/ext 0 (0,20)] [testrt]
[Wed May  7 19:14:42.712 2014] 0.000 sec 0.000 sec [ext2/0/ext 0 (0,20)] [testrt]
[Wed May  7 19:14:43.992 2014] 0.000 sec 0.000 sec [ext2/0/ext 0 (0,20)] [testrt]
[Wed May  7 19:14:45.829 2014] 0.000 sec 0.000 sec [ext2/0/ext 0 (0,20)] [testrt]
[Wed May  7 19:19:33.265 2014] 0.000 sec 0.000 sec [ext2/0/ext 1 (0,20) @full] [test1]
[Wed May  7 19:53:49.997 2014] 0.000 sec 0.000 sec [ext2/0/ext 3 (0,10)] [test1] test|one|two
[Wed May  7 19:53:50.378 2014] 0.000 sec 0.000 sec [ext2/0/ext 3 (0,10)] [test1] test|one|two
[Wed May  7 19:53:50.539 2014] 0.000 sec 0.000 sec [ext2/0/ext 3 (0,10)] [test1] test|one|two
[Thu May  8 11:20:16.951 2014] 0.039 sec 0.039 sec [any/0/rel 0 (0,20)] [test1] test
[Thu May  8 11:25:28.514 2014] 0.034 sec 0.034 sec [ext2/0/rel 3 (0,20)] [*] test
[Thu May  8 11:27:57.674 2014] 0.000 sec 0.000 sec [any/0/rel 3 (0,20)] [test1] test
[Thu May  8 11:27:58.436 2014] 0.000 sec 0.000 sec [any/0/rel 3 (0,20)] [test1] test
[Thu May  8 11:27:58.580 2014] 0.000 sec 0.000 sec [any/0/rel 3 (0,20)] [test1] test
[Thu May  8 11:27:58.720 2014] 0.000 sec 0.000 sec [any/0/rel 3 (0,20)] [test1] test
[Thu May  8 11:28:00.260 2014] 0.000 sec 0.000 sec [any/0/rel 3 (0,20)] [test1] test
[Thu May  8 11:28:00.399 2014] 0.000 sec 0.000 sec [any/0/rel 3 (0,20)] [test1] test
[Thu May  8 11:28:00.511 2014] 0.000 sec 0.000 sec [any/0/rel 3 (0,20)] [test1] test
[Thu May  8 11:28:00.623 2014] 0.000 sec 0.000 sec [any/0/rel 3 (0,20)] [test1] test
[Thu May  8 11:28:00.780 2014] 0.000 sec 0.000 sec [any/0/rel 3 (0,20)] [test1] test
[Thu May  8 11:28:41.942 2014] 0.000 sec 0.000 sec [any/0/rel 3 (0,20)] [test1] test
[Thu May  8 11:28:42.327 2014] 0.000 sec 0.000 sec [any/0/rel 3 (0,20)] [test1] test
[Thu May  8 11:28:42.464 2014] 0.000 sec 0.000 sec [any/0/rel 3 (0,20)] [test1] test
[Thu May  8 11:28:42.601 2014] 0.000 sec 0.000 sec [any/0/rel 3 (0,20)] [test1] test
[Thu May  8 11:28:42.709 2014] 0.000 sec 0.000 sec [any/0/rel 3 (0,20)] [test1] test
[Thu May  8 11:28:42.836 2014] 0.000 sec 0.000 sec [any/0/rel 3 (0,20)] [test1] test
[Thu May  8 11:28:42.965 2014] 0.000 sec 0.000 sec [any/0/rel 3 (0,20)] [test1] test
[Thu May  8 11:28:43.061 2014] 0.000 sec 0.000 sec [any/0/rel 3 (0,20)] [test1] test
[Thu May  8 11:28:54.647 2014] 0.000 sec 0.000 sec [ext2/0/rel 0 (0,20)] [testrt] test
[Thu May  8 11:28:55.197 2014] 0.000 sec 0.000 sec [ext2/0/rel 0 (0,20)] [testrt] test
[Thu May  8 11:28:55.287 2014] 0.000 sec 0.000 sec [ext2/0/rel 0 (0,20)] [testrt] test
[Thu May  8 11:28:55.545 2014] 0.000 sec 0.000 sec [ext2/0/rel 0 (0,20)] [testrt] test
[Thu May  8 11:28:55.669 2014] 0.000 sec 0.000 sec [ext2/0/rel 0 (0,20)] [testrt] test
[Thu May  8 11:28:55.785 2014] 0.000 sec 0.000 sec [ext2/0/rel 0 (0,20)] [testrt] test
[Thu May  8 11:28:55.914 2014] 0.000 sec 0.000 sec [ext2/0/rel 0 (0,20)] [testrt] test
[Thu May  8 11:28:56.015 2014] 0.000 sec 0.000 sec [ext2/0/rel 0 (0,20)] [testrt] test
[Thu May  8 11:28:56.136 2014] 0.000 sec 0.000 sec [ext2/0/rel 0 (0,20)] [testrt] test
[Thu May  8 11:28:56.265 2014] 0.000 sec 0.000 sec [ext2/0/rel 0 (0,20)] [testrt] test
[Thu May  8 11:28:56.387 2014] 0.000 sec 0.000 sec [ext2/0/rel 0 (0,20)] [testrt] test
[Thu May  8 11:28:56.485 2014] 0.000 sec 0.000 sec [ext2/0/rel 0 (0,20)] [testrt] test
[Thu May  8 11:28:56.625 2014] 0.000 sec 0.000 sec [ext2/0/rel 0 (0,20)] [testrt] test
[Thu May  8 11:28:56.741 2014] 0.000 sec 0.000 sec [ext2/0/rel 0 (0,20)] [testrt] test
[Thu May  8 11:28:56.829 2014] 0.000 sec 0.000 sec [ext2/0/rel 0 (0,20)] [testrt] test
[Thu May  8 11:29:06.406 2014] 0.000 sec 0.000 sec [any/0/rel 3 (0,20)] [test1] test
[Thu May  8 11:29:06.811 2014] 0.000 sec 0.000 sec [any/0/rel 3 (0,20)] [test1] test
[Thu May  8 11:29:06.932 2014] 0.000 sec 0.000 sec [any/0/rel 3 (0,20)] [test1] test
[Thu May  8 11:45:11.942 2014] 0.000 sec 0.000 sec [ext2/0/rel 3 (0,20)] [test1 testrt] test
[Thu May  8 11:45:12.443 2014] 0.000 sec 0.000 sec [ext2/0/rel 3 (0,20)] [test1 testrt] test
[Thu May  8 11:45:12.652 2014] 0.000 sec 0.000 sec [ext2/0/rel 3 (0,20)] [test1 testrt] test
[Thu May  8 11:45:12.704 2014] 0.000 sec 0.000 sec [ext2/0/rel 3 (0,20)] [test1 testrt] test
[Thu May  8 11:45:12.833 2014] 0.000 sec 0.000 sec [ext2/0/rel 3 (0,20)] [test1 testrt] test
[Thu May  8 11:46:45.624 2014] 0.000 sec 0.000 sec [ext2/0/rel 3 (0,20)] [test1 testrt] test
[Thu May  8 11:48:25.348 2014] 0.000 sec 0.000 sec [ext2/0/rel 3 (0,20)] [test1 testrt] test
[Thu May  8 11:48:28.812 2014] 0.000 sec 0.000 sec [ext2/0/rel 3 (0,20)] [test1 testrt] test
[Thu May  8 11:48:29.210 2014] 0.000 sec 0.000 sec [ext2/0/rel 3 (0,20)] [test1 testrt] test
[Thu May  8 11:48:29.353 2014] 0.000 sec 0.000 sec [ext2/0/rel 3 (0,20)] [test1 testrt] test
[Thu May  8 11:48:29.645 2014] 0.000 sec 0.000 sec [ext2/0/rel 3 (0,20)] [test1 testrt] test
[Thu May  8 11:48:29.776 2014] 0.000 sec 0.000 sec [ext2/0/rel 3 (0,20)] [test1 testrt] test
[Thu May  8 11:48:29.890 2014] 0.000 sec 0.000 sec [ext2/0/rel 3 (0,20)] [test1 testrt] test
[Thu May  8 11:48:30.008 2014] 0.000 sec 0.000 sec [ext2/0/rel 3 (0,20)] [test1 testrt] test
[Thu May  8 11:48:30.105 2014] 0.000 sec 0.000 sec [ext2/0/rel 3 (0,20)] [test1 testrt] test
[Thu May  8 11:48:30.243 2014] 0.000 sec 0.000 sec [ext2/0/rel 3 (0,20)] [test1 testrt] test
[Thu May  8 11:48:30.364 2014] 0.000 sec 0.000 sec [ext2/0/rel 3 (0,20)] [test1 testrt] test
[Thu May  8 11:48:30.482 2014] 0.000 sec 0.000 sec [ext2/0/rel 3 (0,20)] [test1 testrt] test
[Thu May  8 11:48:30.613 2014] 0.000 sec 0.000 sec [ext2/0/rel 3 (0,20)] [test1 testrt] test
[Thu May  8 11:48:30.730 2014] 0.000 sec 0.000 sec [ext2/0/rel 3 (0,20)] [test1 testrt] test
[Thu May  8 11:48:32.739 2014] 0.000 sec 0.000 sec [ext2/0/rel 3 (0,20)] [test1 testrt] test
[Thu May  8 11:48:33.023 2014] 0.000 sec 0.000 sec [ext2/0/rel 3 (0,20)] [test1 testrt] test
[Thu May  8 11:48:33.187 2014] 0.000 sec 0.000 sec [ext2/0/rel 3 (0,20)] [test1 testrt] test
[Thu May  8 11:48:33.340 2014] 0.000 sec 0.000 sec [ext2/0/rel 3 (0,20)] [test1 testrt] test
[Thu May  8 11:48:33.465 2014] 0.000 sec 0.000 sec [ext2/0/rel 3 (0,20)] [test1 testrt] test
[Thu May  8 11:48:33.619 2014] 0.000 sec 0.000 sec [ext2/0/rel 3 (0,20)] [test1 testrt] test
[Thu May  8 11:48:33.751 2014] 0.000 sec 0.000 sec [ext2/0/rel 3 (0,20)] [test1 testrt] test
[Thu May  8 11:48:33.883 2014] 0.000 sec 0.000 sec [ext2/0/rel 3 (0,20)] [test1 testrt] test
[Thu May  8 11:48:34.003 2014] 0.000 sec 0.000 sec [ext2/0/rel 3 (0,20)] [test1 testrt] test
[Thu May  8 11:48:34.123 2014] 0.000 sec 0.000 sec [ext2/0/rel 3 (0,20)] [test1 testrt] test
[Thu May  8 11:48:34.240 2014] 0.000 sec 0.000 sec [ext2/0/rel 3 (0,20)] [test1 testrt] test
[Thu May  8 11:48:34.374 2014] 0.000 sec 0.000 sec [ext2/0/rel 3 (0,20)] [test1 testrt] test
[Thu May  8 11:48:34.487 2014] 0.000 sec 0.000 sec [ext2/0/rel 3 (0,20)] [test1 testrt] test
[Thu May  8 11:48:34.626 2014] 0.000 sec 0.000 sec [ext2/0/rel 3 (0,20)] [test1 testrt] test
[Thu May  8 11:48:34.739 2014] 0.000 sec 0.000 sec [ext2/0/rel 3 (0,20)] [test1 testrt] test
[Thu May  8 11:48:34.877 2014] 0.000 sec 0.000 sec [ext2/0/rel 3 (0,20)] [test1 testrt] test
[Thu May  8 11:48:35.004 2014] 0.000 sec 0.000 sec [ext2/0/rel 3 (0,20)] [test1 testrt] test
[Thu May  8 11:48:35.123 2014] 0.000 sec 0.000 sec [ext2/0/rel 3 (0,20)] [test1 testrt] test
[Thu May  8 11:48:35.267 2014] 0.000 sec 0.000 sec [ext2/0/rel 3 (0,20)] [test1 testrt] test
[Thu May  8 11:48:35.402 2014] 0.000 sec 0.000 sec [ext2/0/rel 3 (0,20)] [test1 testrt] test
[Thu May  8 11:48:35.523 2014] 0.000 sec 0.000 sec [ext2/0/rel 3 (0,20)] [test1 testrt] test
[Thu May  8 11:48:41.705 2014] 0.000 sec 0.000 sec [ext2/0/rel 0 (0,20)] [testrt] test
[Thu May  8 11:48:42.353 2014] 0.000 sec 0.000 sec [ext2/0/rel 0 (0,20)] [testrt] test
[Thu May  8 11:48:42.521 2014] 0.000 sec 0.000 sec [ext2/0/rel 0 (0,20)] [testrt] test
[Thu May  8 11:48:43.006 2014] 0.000 sec 0.000 sec [ext2/0/rel 0 (0,20)] [testrt] test
[Thu May  8 11:48:43.112 2014] 0.000 sec 0.000 sec [ext2/0/rel 0 (0,20)] [testrt] test
[Thu May  8 11:48:43.371 2014] 0.000 sec 0.000 sec [ext2/0/rel 0 (0,20)] [testrt] test
[Thu May  8 11:48:43.506 2014] 0.000 sec 0.000 sec [ext2/0/rel 0 (0,20)] [testrt] test
[Thu May  8 11:48:43.585 2014] 0.000 sec 0.000 sec [ext2/0/rel 0 (0,20)] [testrt] test
[Thu May  8 11:48:43.706 2014] 0.000 sec 0.000 sec [ext2/0/rel 0 (0,20)] [testrt] test
[Thu May  8 11:48:43.869 2014] 0.000 sec 0.000 sec [ext2/0/rel 0 (0,20)] [testrt] test
[Thu May  8 11:48:43.954 2014] 0.000 sec 0.000 sec [ext2/0/rel 0 (0,20)] [testrt] test
[Thu May  8 11:48:44.218 2014] 0.000 sec 0.000 sec [ext2/0/rel 0 (0,20)] [testrt] test
[Thu May  8 11:48:44.310 2014] 0.000 sec 0.000 sec [ext2/0/rel 0 (0,20)] [testrt] test
[Thu May  8 11:48:44.438 2014] 0.000 sec 0.000 sec [ext2/0/rel 0 (0,20)] [testrt] test
[Thu May  8 11:48:44.569 2014] 0.000 sec 0.000 sec [ext2/0/rel 0 (0,20)] [testrt] test
[Thu May  8 11:48:44.713 2014] 0.000 sec 0.000 sec [ext2/0/rel 0 (0,20)] [testrt] test
[Thu May  8 11:48:44.782 2014] 0.000 sec 0.000 sec [ext2/0/rel 0 (0,20)] [testrt] test
[Thu May  8 11:48:44.894 2014] 0.000 sec 0.000 sec [ext2/0/rel 0 (0,20)] [testrt] test
[Thu May  8 11:48:45.042 2014] 0.000 sec 0.000 sec [ext2/0/rel 0 (0,20)] [testrt] test
[Thu May  8 11:48:45.178 2014] 0.000 sec 0.000 sec [ext2/0/rel 0 (0,20)] [testrt] test
[Thu May  8 11:48:45.287 2014] 0.000 sec 0.000 sec [ext2/0/rel 0 (0,20)] [testrt] test
[Thu May  8 11:48:45.441 2014] 0.000 sec 0.000 sec [ext2/0/rel 0 (0,20)] [testrt] test
[Thu May  8 11:48:45.560 2014] 0.000 sec 0.000 sec [ext2/0/rel 0 (0,20)] [testrt] test
[Thu May  8 11:48:45.694 2014] 0.000 sec 0.000 sec [ext2/0/rel 0 (0,20)] [testrt] test
[Thu May  8 11:48:45.898 2014] 0.000 sec 0.000 sec [ext2/0/rel 0 (0,20)] [testrt] test
[Thu May  8 11:48:46.016 2014] 0.000 sec 0.000 sec [ext2/0/rel 0 (0,20)] [testrt] test
[Thu May  8 11:49:29.739 2014] 0.000 sec 0.000 sec [ext2/0/rel 0 (0,20)] [testrt] test
[Thu May  8 11:49:30.080 2014] 0.000 sec 0.000 sec [ext2/0/rel 0 (0,20)] [testrt] test
[Thu May  8 11:49:30.242 2014] 0.000 sec 0.000 sec [ext2/0/rel 0 (0,20)] [testrt] test
[Thu May  8 11:49:30.382 2014] 0.000 sec 0.000 sec [ext2/0/rel 0 (0,20)] [testrt] test
[Thu May  8 11:49:37.050 2014] 0.000 sec 0.000 sec [any/0/rel 3 (0,20)] [test1] test
[Thu May  8 11:49:37.470 2014] 0.000 sec 0.000 sec [any/0/rel 3 (0,20)] [test1] test
[Thu May  8 11:49:37.625 2014] 0.000 sec 0.000 sec [any/0/rel 3 (0,20)] [test1] test
[Thu May  8 11:49:37.760 2014] 0.000 sec 0.000 sec [any/0/rel 3 (0,20)] [test1] test
[Thu May  8 11:49:37.960 2014] 0.000 sec 0.000 sec [any/0/rel 3 (0,20)] [test1] test
[Thu May  8 11:49:38.085 2014] 0.000 sec 0.000 sec [any/0/rel 3 (0,20)] [test1] test
[Thu May  8 11:49:38.246 2014] 0.000 sec 0.000 sec [any/0/rel 3 (0,20)] [test1] test
[Thu May  8 11:50:41.156 2014] 0.000 sec 0.000 sec [any/0/rel 3 (0,20)] [test1] test
[Thu May  8 11:50:50.717 2014] 0.000 sec 0.000 sec [ext2/0/rel 0 (0,20)] [testrt] test
[Thu May  8 11:50:51.047 2014] 0.000 sec 0.000 sec [ext2/0/rel 0 (0,20)] [testrt] test
[Thu May  8 11:50:51.196 2014] 0.000 sec 0.000 sec [ext2/0/rel 0 (0,20)] [testrt] test
[Thu May  8 11:50:51.335 2014] 0.000 sec 0.000 sec [ext2/0/rel 0 (0,20)] [testrt] test
[Thu May  8 11:50:51.546 2014] 0.000 sec 0.000 sec [ext2/0/rel 0 (0,20)] [testrt] test
[Thu May  8 11:50:51.662 2014] 0.000 sec 0.000 sec [ext2/0/rel 0 (0,20)] [testrt] test
[Thu May  8 11:50:51.781 2014] 0.000 sec 0.000 sec [ext2/0/rel 0 (0,20)] [testrt] test
[Thu May  8 11:50:51.917 2014] 0.000 sec 0.000 sec [ext2/0/rel 0 (0,20)] [testrt] test
[Thu May  8 11:50:52.137 2014] 0.000 sec 0.000 sec [ext2/0/rel 0 (0,20)] [testrt] test
[Thu May  8 11:50:52.253 2014] 0.000 sec 0.000 sec [ext2/0/rel 0 (0,20)] [testrt] test
[Thu May  8 11:50:52.378 2014] 0.000 sec 0.000 sec [ext2/0/rel 0 (0,20)] [testrt] test
[Thu May  8 11:50:52.507 2014] 0.000 sec 0.000 sec [ext2/0/rel 0 (0,20)] [testrt] test
[Thu May  8 11:50:52.627 2014] 0.000 sec 0.000 sec [ext2/0/rel 0 (0,20)] [testrt] test
[Thu May  8 11:50:52.697 2014] 0.000 sec 0.000 sec [ext2/0/rel 0 (0,20)] [testrt] test
[Thu May  8 11:50:52.843 2014] 0.000 sec 0.000 sec [ext2/0/rel 0 (0,20)] [testrt] test
[Thu May  8 11:50:52.930 2014] 0.000 sec 0.000 sec [ext2/0/rel 0 (0,20)] [testrt] test
[Thu May  8 11:50:53.066 2014] 0.000 sec 0.000 sec [ext2/0/rel 0 (0,20)] [testrt] test
[Thu May  8 11:50:53.438 2014] 0.000 sec 0.000 sec [ext2/0/rel 0 (0,20)] [testrt] test
[Thu May  8 11:50:53.540 2014] 0.000 sec 0.000 sec [ext2/0/rel 0 (0,20)] [testrt] test
[Thu May  8 11:50:53.662 2014] 0.000 sec 0.000 sec [ext2/0/rel 0 (0,20)] [testrt] test
[Thu May  8 11:50:53.819 2014] 0.000 sec 0.000 sec [ext2/0/rel 0 (0,20)] [testrt] test
[Thu May  8 11:50:53.905 2014] 0.000 sec 0.000 sec [ext2/0/rel 0 (0,20)] [testrt] test
[Thu May  8 11:50:54.021 2014] 0.000 sec 0.000 sec [ext2/0/rel 0 (0,20)] [testrt] test
[Thu May  8 11:50:54.148 2014] 0.000 sec 0.000 sec [ext2/0/rel 0 (0,20)] [testrt] test
[Thu May  8 11:50:54.268 2014] 0.000 sec 0.000 sec [ext2/0/rel 0 (0,20)] [testrt] test
[Thu May  8 11:50:54.411 2014] 0.000 sec 0.000 sec [ext2/0/rel 0 (0,20)] [testrt] test
[Thu May  8 11:50:54.534 2014] 0.000 sec 0.000 sec [ext2/0/rel 0 (0,20)] [testrt] test
[Thu May  8 11:50:54.663 2014] 0.000 sec 0.000 sec [ext2/0/rel 0 (0,20)] [testrt] test
[Thu May  8 11:50:54.780 2014] 0.000 sec 0.000 sec [ext2/0/rel 0 (0,20)] [testrt] test
[Thu May  8 11:50:54.911 2014] 0.000 sec 0.000 sec [ext2/0/rel 0 (0,20)] [testrt] test
[Thu May  8 11:50:54.993 2014] 0.000 sec 0.000 sec [ext2/0/rel 0 (0,20)] [testrt] test
[Thu May  8 11:50:55.155 2014] 0.000 sec 0.000 sec [ext2/0/rel 0 (0,20)] [testrt] test
[Thu May  8 11:50:55.261 2014] 0.000 sec 0.000 sec [ext2/0/rel 0 (0,20)] [testrt] test
[Thu May  8 11:50:55.377 2014] 0.000 sec 0.000 sec [ext2/0/rel 0 (0,20)] [testrt] test
[Thu May  8 11:50:55.474 2014] 0.000 sec 0.000 sec [ext2/0/rel 0 (0,20)] [testrt] test
[Thu May  8 11:50:55.717 2014] 0.000 sec 0.000 sec [ext2/0/rel 0 (0,20)] [testrt] test
[Thu May  8 11:50:55.851 2014] 0.000 sec 0.000 sec [ext2/0/rel 0 (0,20)] [testrt] test
[Thu May  8 11:50:55.988 2014] 0.000 sec 0.000 sec [ext2/0/rel 0 (0,20)] [testrt] test
[Thu May  8 11:50:56.083 2014] 0.000 sec 0.000 sec [ext2/0/rel 0 (0,20)] [testrt] test
[Thu May  8 11:51:00.070 2014] 0.000 sec 0.000 sec [any/0/rel 3 (0,20)] [test1] test
[Thu May  8 11:51:23.158 2014] 0.000 sec 0.000 sec [ext2/0/rel 0 (0,20)] [testrt] test
[Thu May  8 11:51:39.367 2014] 0.000 sec 0.000 sec [ext2/0/rel 0 (0,20)] [testrt] test
[Thu May  8 11:51:39.563 2014] 0.000 sec 0.000 sec [ext2/0/rel 0 (0,20)] [testrt] test
[Thu May  8 11:51:39.715 2014] 0.000 sec 0.000 sec [ext2/0/rel 0 (0,20)] [testrt] test
[Thu May  8 11:51:39.859 2014] 0.000 sec 0.000 sec [ext2/0/rel 0 (0,20)] [testrt] test
[Thu May  8 11:51:39.977 2014] 0.000 sec 0.000 sec [ext2/0/rel 0 (0,20)] [testrt] test
[Thu May  8 11:51:40.076 2014] 0.000 sec 0.000 sec [ext2/0/rel 0 (0,20)] [testrt] test
[Thu May  8 11:51:40.205 2014] 0.000 sec 0.000 sec [ext2/0/rel 0 (0,20)] [testrt] test
[Thu May  8 11:51:40.324 2014] 0.000 sec 0.000 sec [ext2/0/rel 0 (0,20)] [testrt] test
[Thu May  8 11:51:40.432 2014] 0.000 sec 0.000 sec [ext2/0/rel 0 (0,20)] [testrt] test
[Thu May  8 11:51:40.572 2014] 0.000 sec 0.000 sec [ext2/0/rel 0 (0,20)] [testrt] test
[Thu May  8 11:51:40.686 2014] 0.000 sec 0.000 sec [ext2/0/rel 0 (0,20)] [testrt] test
[Thu May  8 11:51:40.806 2014] 0.000 sec 0.000 sec [ext2/0/rel 0 (0,20)] [testrt] test
[Thu May  8 11:55:55.458 2014] 0.000 sec 0.000 sec [ext2/0/ext 3 (0,10)] [test1] test|one|two
[Thu May  8 11:55:55.968 2014] 0.000 sec 0.000 sec [ext2/0/ext 3 (0,10)] [test1] test|one|two
[Thu May  8 11:55:56.170 2014] 0.000 sec 0.000 sec [ext2/0/ext 3 (0,10)] [test1] test|one|two
[Thu May  8 12:36:04.504 2014] 0.000 sec 0.000 sec [ext2/0/ext 3 (0,10)] [test1] test|one|two
[Thu May  8 12:36:04.888 2014] 0.000 sec 0.000 sec [ext2/0/ext 3 (0,10)] [test1] test|one|two
[Thu May  8 12:36:05.019 2014] 0.000 sec 0.000 sec [ext2/0/ext 3 (0,10)] [test1] test|one|two
[Thu May  8 13:43:02.852 2014] 0.000 sec 0.000 sec [ext2/0/ext 0 (0,10)] [testrt] test|one|two
[Thu May  8 13:43:03.248 2014] 0.000 sec 0.000 sec [ext2/0/ext 0 (0,10)] [testrt] test|one|two
[Thu May  8 13:43:03.391 2014] 0.000 sec 0.000 sec [ext2/0/ext 0 (0,10)] [testrt] test|one|two
[Thu May  8 13:43:03.518 2014] 0.000 sec 0.000 sec [ext2/0/ext 0 (0,10)] [testrt] test|one|two
[Thu May  8 13:43:24.937 2014] 0.000 sec 0.000 sec [ext2/0/ext 0 (0,10)] [testrt] test|one|two
[Thu May  8 13:43:25.360 2014] 0.000 sec 0.000 sec [ext2/0/ext 0 (0,10)] [testrt] test|one|two
[Thu May  8 13:43:25.504 2014] 0.000 sec 0.000 sec [ext2/0/ext 0 (0,10)] [testrt] test|one|two
[Thu May  8 13:43:53.000 2014] 0.000 sec 0.000 sec [ext2/0/ext 3 (0,10)] [test1] test|one|two
[Thu May  8 14:00:43.109 2014] 0.000 sec 0.000 sec [ext2/0/ext 3 (0,10)] [test1] test|one|two
[Thu May  8 15:12:27.130 2014] 0.000 sec 0.000 sec [ext2/0/ext 0 (0,20)] [testrt]
[Thu May  8 15:12:44.131 2014] 0.000 sec 0.000 sec [ext2/0/ext 0 (0,20)] [testrt]
[Thu May  8 15:12:44.464 2014] 0.000 sec 0.000 sec [ext2/0/ext 0 (0,20)] [testrt]
[Thu May  8 15:12:44.615 2014] 0.000 sec 0.000 sec [ext2/0/ext 0 (0,20)] [testrt]
[Thu May  8 15:12:44.700 2014] 0.000 sec 0.000 sec [ext2/0/ext 0 (0,20)] [testrt]
[Thu May  8 15:12:44.829 2014] 0.000 sec 0.000 sec [ext2/0/ext 0 (0,20)] [testrt]
[Thu May  8 15:12:44.962 2014] 0.000 sec 0.000 sec [ext2/0/ext 0 (0,20)] [testrt]
[Thu May  8 15:12:45.070 2014] 0.000 sec 0.000 sec [ext2/0/ext 0 (0,20)] [testrt]
[Thu May  8 15:12:45.184 2014] 0.000 sec 0.000 sec [ext2/0/ext 0 (0,20)] [testrt]
[Thu May  8 15:12:45.823 2014] 0.000 sec 0.000 sec [ext2/0/ext 0 (0,20)] [testrt]
[Thu May  8 15:12:45.968 2014] 0.000 sec 0.000 sec [ext2/0/ext 0 (0,20)] [testrt]
[Thu May  8 15:12:46.106 2014] 0.000 sec 0.000 sec [ext2/0/ext 0 (0,20)] [testrt]
[Thu May  8 15:12:54.983 2014] 0.000 sec 0.000 sec [ext2/0/ext 0 (0,20)] [testrt]
[Thu May  8 15:12:55.400 2014] 0.000 sec 0.000 sec [ext2/0/ext 0 (0,20)] [testrt]
[Thu May  8 15:12:55.528 2014] 0.000 sec 0.000 sec [ext2/0/ext 0 (0,20)] [testrt]
[Thu May  8 15:12:55.665 2014] 0.000 sec 0.000 sec [ext2/0/ext 0 (0,20)] [testrt]
[Thu May  8 15:12:55.746 2014] 0.000 sec 0.000 sec [ext2/0/ext 0 (0,20)] [testrt]
[Thu May  8 15:12:55.872 2014] 0.000 sec 0.000 sec [ext2/0/ext 0 (0,20)] [testrt]
[Thu May  8 18:48:31.983 2014] 0.056 sec 0.056 sec [ext2/0/ext 4 (0,20)] [test1, testrt]
[Thu May  8 18:48:41.741 2014] 0.000 sec 0.000 sec [ext2/0/ext 4 (0,20)] [test1, testrt]
[Thu May  8 18:48:42.087 2014] 0.000 sec 0.000 sec [ext2/0/ext 4 (0,20)] [test1, testrt]
[Thu May  8 18:48:42.256 2014] 0.000 sec 0.000 sec [ext2/0/ext 4 (0,20)] [test1, testrt]
[Thu May  8 18:48:42.501 2014] 0.000 sec 0.000 sec [ext2/0/ext 4 (0,20)] [test1, testrt]
[Thu May  8 18:48:42.663 2014] 0.000 sec 0.000 sec [ext2/0/ext 4 (0,20)] [test1, testrt]
[Thu May  8 18:48:42.784 2014] 0.000 sec 0.000 sec [ext2/0/ext 4 (0,20)] [test1, testrt]
[Thu May  8 18:48:42.918 2014] 0.000 sec 0.000 sec [ext2/0/ext 4 (0,20)] [test1, testrt]
[Thu May  8 18:49:35.164 2014] 0.000 sec 0.000 sec [ext2/0/ext 4 (0,20)] [test1, testrt]
[Thu May  8 18:49:52.674 2014] 0.000 sec 0.000 sec [ext2/0/ext 4 (0,20)] [test1, testrt]
[Thu May  8 18:49:53.133 2014] 0.000 sec 0.000 sec [ext2/0/ext 4 (0,20)] [test1, testrt]
[Thu May  8 18:49:53.282 2014] 0.000 sec 0.000 sec [ext2/0/ext 4 (0,20)] [test1, testrt]
[Thu May  8 18:50:07.581 2014] 0.000 sec 0.000 sec [ext2/0/ext 4 (0,20)] [test1, testrt]
[Thu May  8 18:50:07.957 2014] 0.000 sec 0.000 sec [ext2/0/ext 4 (0,20)] [test1, testrt]
[Thu May  8 18:50:08.075 2014] 0.000 sec 0.000 sec [ext2/0/ext 4 (0,20)] [test1, testrt]
[Thu May  8 18:50:08.204 2014] 0.000 sec 0.000 sec [ext2/0/ext 4 (0,20)] [test1, testrt]
[Thu May  8 18:50:08.307 2014] 0.000 sec 0.000 sec [ext2/0/ext 4 (0,20)] [test1, testrt]
[Thu May  8 18:50:48.025 2014] 0.000 sec 0.000 sec [ext2/0/ext 4 (0,20)] [test1, testrt]
[Thu May  8 18:50:48.394 2014] 0.000 sec 0.000 sec [ext2/0/ext 4 (0,20)] [test1, testrt]
[Thu May  8 18:50:48.532 2014] 0.000 sec 0.000 sec [ext2/0/ext 4 (0,20)] [test1, testrt]
[Thu May  8 18:50:48.644 2014] 0.000 sec 0.000 sec [ext2/0/ext 4 (0,20)] [test1, testrt]
[Thu May  8 18:50:53.602 2014] 0.000 sec 0.000 sec [ext2/0/ext 4 (0,20)] [test1, testrt]
[Thu May  8 18:50:53.995 2014] 0.000 sec 0.000 sec [ext2/0/ext 4 (0,20)] [test1, testrt]
[Thu May  8 18:50:54.123 2014] 0.000 sec 0.000 sec [ext2/0/ext 4 (0,20)] [test1, testrt]
[Thu May  8 18:50:54.258 2014] 0.000 sec 0.000 sec [ext2/0/ext 4 (0,20)] [test1, testrt]
[Thu May  8 18:51:05.174 2014] 0.000 sec 0.000 sec [ext2/0/ext 4 (0,20)] [test1, testrt]
[Thu May  8 18:51:05.596 2014] 0.000 sec 0.000 sec [ext2/0/ext 4 (0,20)] [test1, testrt]
[Thu May  8 18:51:05.719 2014] 0.000 sec 0.000 sec [ext2/0/ext 4 (0,20)] [test1, testrt]
[Thu May  8 18:51:13.457 2014] 0.000 sec 0.000 sec [ext2/0/ext 4 (0,20)] [test1, testrt]
[Thu May  8 18:51:13.785 2014] 0.000 sec 0.000 sec [ext2/0/ext 4 (0,20)] [test1, testrt]
[Thu May  8 18:51:13.891 2014] 0.000 sec 0.000 sec [ext2/0/ext 4 (0,20)] [test1, testrt]
[Thu May  8 18:51:14.010 2014] 0.000 sec 0.000 sec [ext2/0/ext 4 (0,20)] [test1, testrt]
[Thu May  8 18:52:01.511 2014] 0.000 sec 0.000 sec [ext2/0/ext 4 (0,20)] [test1, testrt]
[Thu May  8 18:52:01.855 2014] 0.000 sec 0.000 sec [ext2/0/ext 4 (0,20)] [test1, testrt]
[Thu May  8 18:52:01.990 2014] 0.000 sec 0.000 sec [ext2/0/ext 4 (0,20)] [test1, testrt]
[Thu May  8 18:52:02.118 2014] 0.000 sec 0.000 sec [ext2/0/ext 4 (0,20)] [test1, testrt]
[Thu May  8 18:52:02.202 2014] 0.000 sec 0.000 sec [ext2/0/ext 4 (0,20)] [test1, testrt]
[Thu May  8 18:52:02.358 2014] 0.000 sec 0.000 sec [ext2/0/ext 4 (0,20)] [test1, testrt]
[Thu May  8 18:52:02.456 2014] 0.000 sec 0.000 sec [ext2/0/ext 4 (0,20)] [test1, testrt]
[Thu May  8 18:52:02.589 2014] 0.000 sec 0.000 sec [ext2/0/ext 4 (0,20)] [test1, testrt]
[Thu May  8 18:52:26.547 2014] 0.000 sec 0.000 sec [ext2/0/ext 4 (0,20)] [test1, testrt]
[Thu May  8 18:52:26.953 2014] 0.000 sec 0.000 sec [ext2/0/ext 4 (0,20)] [test1, testrt]
[Thu May  8 18:52:27.063 2014] 0.000 sec 0.000 sec [ext2/0/ext 4 (0,20)] [test1, testrt]
[Thu May  8 18:52:48.968 2014] 0.000 sec 0.000 sec [ext2/0/ext 4 (0,20)] [test1, testrt]
[Fri May  9 11:29:19.714 2014] 0.016 sec 0.016 sec [any/0/rel 0 (0,20)] [test1] test
[Fri May  9 11:30:47.048 2014] 0.017 sec 0.017 sec [any/0/rel 3 (0,20)] [test1] test
[Fri May  9 11:30:47.327 2014] 0.000 sec 0.000 sec [any/0/rel 3 (0,20)] [test1] test
[Fri May  9 11:30:47.499 2014] 0.000 sec 0.000 sec [any/0/rel 3 (0,20)] [test1] test
[Fri May  9 11:30:47.595 2014] 0.000 sec 0.000 sec [any/0/rel 3 (0,20)] [test1] test
[Fri May  9 11:30:47.725 2014] 0.000 sec 0.000 sec [any/0/rel 3 (0,20)] [test1] test
[Fri May  9 11:30:47.815 2014] 0.000 sec 0.000 sec [any/0/rel 3 (0,20)] [test1] test
[Fri May  9 11:30:48.184 2014] 0.000 sec 0.000 sec [any/0/rel 3 (0,20)] [test1] test
[Fri May  9 11:30:48.291 2014] 0.000 sec 0.000 sec [any/0/rel 3 (0,20)] [test1] test
[Fri May  9 11:31:16.277 2014] 0.000 sec 0.000 sec [any/0/rel 3 (0,20)] [test1] test
[Fri May  9 11:31:16.719 2014] 0.000 sec 0.000 sec [any/0/rel 3 (0,20)] [test1] test
[Fri May  9 11:31:16.822 2014] 0.000 sec 0.000 sec [any/0/rel 3 (0,20)] [test1] test
[Fri May  9 11:52:43.515 2014] 0.000 sec 0.000 sec [any/1/rel 1 (0,20)] [test1] test
[Fri May  9 12:03:58.820 2014] 0.000 sec 0.000 sec [any/1/rel 3 (0,20)] [test1] test
[Fri May  9 12:04:06.272 2014] 0.000 sec 0.000 sec [any/1/rel 1 (0,20)] [test1] test
[Fri May  9 12:04:20.004 2014] 0.000 sec 0.000 sec [any/1/rel 1 (0,20)] [test1] test
[Fri May  9 12:32:25.487 2014] 0.000 sec 0.000 sec [any/1/rel 1 (0,20)] [test1] test
[Fri May  9 12:32:25.896 2014] 0.000 sec 0.000 sec [any/1/rel 1 (0,20)] [test1] test
[Fri May  9 12:32:26.024 2014] 0.000 sec 0.000 sec [any/1/rel 1 (0,20)] [test1] test
[Fri May  9 12:37:27.984 2014] 0.000 sec 0.000 sec [any/1/rel 1 (0,20)] [test1] test
[Fri May  9 12:37:29.585 2014] 0.000 sec 0.000 sec [any/1/rel 1 (0,20)] [test1] test
[Fri May  9 12:37:34.121 2014] 0.025 sec 0.025 sec [ext2/1/ext 4 (0,20)] [test1, testrt]
[Fri May  9 12:42:20.395 2014] 0.000 sec 0.000 sec [ext2/1/ext 4 (0,20)] [test1, testrt]
[Fri May  9 14:21:05.779 2014] 0.036 sec 0.036 sec [ext2/1/ext 4 (0,20)] [test1, testrt]
[Fri May  9 14:21:14.794 2014] 0.001 sec 0.001 sec [ext2/1/ext 0 (0,20)] [test1, testrt]
[Fri May  9 14:22:08.295 2014] 0.000 sec 0.000 sec [ext2/1/ext 0 (0,20)] [test1, testrt]
[Fri May  9 14:22:19.544 2014] 0.000 sec 0.000 sec [ext2/0/ext 4 (0,20)] [test1, testrt]
[Fri May  9 14:22:20.015 2014] 0.000 sec 0.000 sec [ext2/0/ext 4 (0,20)] [test1, testrt]
[Fri May  9 14:22:20.129 2014] 0.000 sec 0.000 sec [ext2/0/ext 4 (0,20)] [test1, testrt]
[Fri May  9 14:22:35.352 2014] 0.000 sec 0.000 sec [ext2/1/ext 2 (0,20)] [test1, testrt]
[Fri May  9 14:23:26.111 2014] 0.000 sec 0.000 sec [ext2/1/ext 2 (0,20)] [test1, testrt]
[Fri May  9 14:23:26.617 2014] 0.000 sec 0.000 sec [ext2/1/ext 2 (0,20)] [test1, testrt]
[Fri May  9 14:23:26.767 2014] 0.000 sec 0.000 sec [ext2/1/ext 2 (0,20)] [test1, testrt]
[Fri May  9 14:24:28.153 2014] 0.000 sec 0.000 sec [ext2/1/ext 2 (0,20)] [test1, testrt]
[Fri May  9 14:24:29.175 2014] 0.000 sec 0.000 sec [ext2/1/ext 2 (0,20)] [test1, testrt]
[Fri May  9 14:24:29.344 2014] 0.000 sec 0.000 sec [ext2/1/ext 2 (0,20)] [test1, testrt]
[Fri May  9 14:24:29.497 2014] 0.000 sec 0.000 sec [ext2/1/ext 2 (0,20)] [test1, testrt]
[Fri May  9 14:24:29.634 2014] 0.000 sec 0.000 sec [ext2/1/ext 2 (0,20)] [test1, testrt]
[Fri May  9 14:24:29.978 2014] 0.000 sec 0.000 sec [ext2/1/ext 2 (0,20)] [test1, testrt]
[Fri May  9 14:24:30.142 2014] 0.000 sec 0.000 sec [ext2/1/ext 2 (0,20)] [test1, testrt]
[Fri May  9 14:24:30.273 2014] 0.000 sec 0.000 sec [ext2/1/ext 2 (0,20)] [test1, testrt]
[Fri May  9 14:24:30.345 2014] 0.000 sec 0.000 sec [ext2/1/ext 2 (0,20)] [test1, testrt]
[Fri May  9 14:24:30.879 2014] 0.000 sec 0.000 sec [ext2/1/ext 2 (0,20)] [test1, testrt]
[Fri May  9 14:24:31.040 2014] 0.000 sec 0.000 sec [ext2/1/ext 2 (0,20)] [test1, testrt]
[Fri May  9 14:24:31.200 2014] 0.000 sec 0.000 sec [ext2/1/ext 2 (0,20)] [test1, testrt]
[Fri May  9 14:24:31.604 2014] 0.000 sec 0.000 sec [ext2/1/ext 2 (0,20)] [test1, testrt]
[Fri May  9 14:24:31.770 2014] 0.000 sec 0.000 sec [ext2/1/ext 2 (0,20)] [test1, testrt]
[Fri May  9 14:24:31.936 2014] 0.000 sec 0.000 sec [ext2/1/ext 2 (0,20)] [test1, testrt]
[Fri May  9 14:24:32.137 2014] 0.001 sec 0.001 sec [ext2/1/ext 2 (0,20)] [test1, testrt]
[Fri May  9 14:24:36.984 2014] 0.000 sec 0.000 sec [ext2/1/ext 2 (0,20)] [test1, testrt]
[Fri May  9 14:24:37.416 2014] 0.000 sec 0.000 sec [ext2/1/ext 2 (0,20)] [test1, testrt]
[Fri May  9 14:24:37.547 2014] 0.000 sec 0.000 sec [ext2/1/ext 2 (0,20)] [test1, testrt]
[Fri May  9 14:24:37.674 2014] 0.000 sec 0.000 sec [ext2/1/ext 2 (0,20)] [test1, testrt]
[Fri May  9 14:25:16.047 2014] 0.000 sec 0.000 sec [ext2/1/ext 2 (0,20)] [test1]
[Fri May  9 14:25:16.551 2014] 0.000 sec 0.000 sec [ext2/1/ext 2 (0,20)] [test1]
[Fri May  9 14:25:16.673 2014] 0.000 sec 0.000 sec [ext2/1/ext 2 (0,20)] [test1]
[Fri May  9 14:27:57.749 2014] 0.000 sec 0.000 sec [ext2/1/ext 2 (0,20)] [test1, testrt]
[Fri May  9 14:27:58.409 2014] 0.000 sec 0.000 sec [ext2/1/ext 2 (0,20)] [test1, testrt]
[Fri May  9 14:27:58.559 2014] 0.000 sec 0.000 sec [ext2/1/ext 2 (0,20)] [test1, testrt]
[Fri May  9 14:27:58.642 2014] 0.000 sec 0.000 sec [ext2/1/ext 2 (0,20)] [test1, testrt]
[Fri May  9 14:27:58.736 2014] 0.000 sec 0.000 sec [ext2/1/ext 2 (0,20)] [test1, testrt]
[Fri May  9 14:27:58.896 2014] 0.000 sec 0.000 sec [ext2/1/ext 2 (0,20)] [test1, testrt]
[Fri May  9 14:28:05.176 2014] 0.000 sec 0.000 sec [ext2/1/ext 2 (0,20)] [test1]
[Fri May  9 14:28:05.664 2014] 0.000 sec 0.000 sec [ext2/1/ext 2 (0,20)] [test1]
[Fri May  9 14:28:05.796 2014] 0.000 sec 0.000 sec [ext2/1/ext 2 (0,20)] [test1]
[Fri May  9 14:29:18.922 2014] 0.000 sec 0.000 sec [ext2/1/ext 2 (0,20)] [test1, testrt]
[Fri May  9 14:29:48.368 2014] 0.000 sec 0.000 sec [ext2/0/ext 4 (0,20)] [test1, testrt]
[Fri May  9 14:30:38.965 2014] 0.000 sec 0.000 sec [ext2/0/ext 4 (0,20)] [test1]
[Fri May  9 14:30:39.466 2014] 0.000 sec 0.000 sec [ext2/0/ext 4 (0,20)] [test1]
[Fri May  9 14:30:39.623 2014] 0.000 sec 0.000 sec [ext2/0/ext 4 (0,20)] [test1]
[Fri May  9 14:30:46.967 2014] 0.000 sec 0.000 sec [ext2/0/ext 4 (0,20)] [test1, testrt]
[Fri May  9 14:30:47.245 2014] 0.000 sec 0.000 sec [ext2/0/ext 4 (0,20)] [test1, testrt]
[Fri May  9 14:30:47.372 2014] 0.000 sec 0.000 sec [ext2/0/ext 4 (0,20)] [test1, testrt]
[Fri May  9 14:30:47.514 2014] 0.000 sec 0.000 sec [ext2/0/ext 4 (0,20)] [test1, testrt]
[Fri May  9 14:30:47.617 2014] 0.000 sec 0.000 sec [ext2/0/ext 4 (0,20)] [test1, testrt]
[Fri May  9 14:30:47.750 2014] 0.000 sec 0.000 sec [ext2/0/ext 4 (0,20)] [test1, testrt]
[Fri May  9 14:32:40.930 2014] 0.000 sec 0.000 sec [ext2/0/ext 4 (0,20)] [test1, testrt]
[Fri May  9 14:32:41.394 2014] 0.000 sec 0.000 sec [ext2/0/ext 4 (0,20)] [test1, testrt]
[Fri May  9 14:32:41.547 2014] 0.000 sec 0.000 sec [ext2/0/ext 4 (0,20)] [test1, testrt]
[Fri May  9 14:32:41.885 2014] 0.000 sec 0.000 sec [ext2/0/ext 4 (0,20)] [test1, testrt]
[Fri May  9 14:32:42.006 2014] 0.000 sec 0.000 sec [ext2/0/ext 4 (0,20)] [test1, testrt]
[Fri May  9 14:32:42.143 2014] 0.000 sec 0.000 sec [ext2/0/ext 4 (0,20)] [test1, testrt]
[Fri May  9 14:32:42.261 2014] 0.000 sec 0.000 sec [ext2/0/ext 4 (0,20)] [test1, testrt]
[Fri May  9 14:32:42.374 2014] 0.000 sec 0.000 sec [ext2/0/ext 4 (0,20)] [test1, testrt]
[Fri May  9 14:32:42.502 2014] 0.000 sec 0.000 sec [ext2/0/ext 4 (0,20)] [test1, testrt]
[Fri May  9 14:32:42.630 2014] 0.000 sec 0.000 sec [ext2/0/ext 4 (0,20)] [test1, testrt]
[Fri May  9 14:32:42.735 2014] 0.000 sec 0.000 sec [ext2/0/ext 4 (0,20)] [test1, testrt]
[Fri May  9 14:32:42.856 2014] 0.000 sec 0.000 sec [ext2/0/ext 4 (0,20)] [test1, testrt]
[Fri May  9 14:32:47.479 2014] 0.000 sec 0.000 sec [ext2/0/ext 4 (0,20)] [test1, testrt]
[Fri May  9 14:33:48.882 2014] 0.000 sec 0.000 sec [ext2/1/ext 2 (0,20)] [test1, testrt]
[Fri May  9 14:37:09.632 2014] 0.000 sec 0.000 sec [ext2/1/ext 2 (0,20)] [test1, testrt]
[Fri May  9 14:37:10.755 2014] 0.000 sec 0.000 sec [ext2/1/ext 2 (0,20)] [test1, testrt]
[Fri May  9 14:37:11.067 2014] 0.000 sec 0.000 sec [ext2/1/ext 2 (0,20)] [test1, testrt]
[Fri May  9 14:37:11.223 2014] 0.000 sec 0.000 sec [ext2/1/ext 2 (0,20)] [test1, testrt]
[Fri May  9 14:37:11.364 2014] 0.000 sec 0.000 sec [ext2/1/ext 2 (0,20)] [test1, testrt]
[Fri May  9 14:37:11.489 2014] 0.000 sec 0.000 sec [ext2/1/ext 2 (0,20)] [test1, testrt]
[Fri May  9 14:37:11.604 2014] 0.000 sec 0.000 sec [ext2/1/ext 2 (0,20)] [test1, testrt]
[Fri May  9 14:37:11.754 2014] 0.000 sec 0.000 sec [ext2/1/ext 2 (0,20)] [test1, testrt]
[Fri May  9 14:38:20.291 2014] 0.027 sec 0.027 sec [ext2/1/ext 1 (0,20)] [test1, testrt] test
